<?xml version="1.0" encoding="utf-8"?><testsuites name="pytest tests"><testsuite name="pytest" errors="1" failures="0" skipped="0" tests="1" time="0.186" timestamp="2026-03-29T05:09:33.908444+03:00" hostname="LAPTOP-IO31NATG"><testcase classname="" name="tests.apps.ImageDedup.test_domain" time="0.000"><error message="collection failure">ImportError while importing test module 'D:\github\BCor\tests\apps\ImageDedup\test_domain.py'.
Hint: make sure your test modules/packages have valid Python names.
Traceback:
C:\Users\User\AppData\Roaming\uv\python\cpython-3.12.9-windows-x86_64-none\Lib\importlib\__init__.py:90: in import_module
    return _bootstrap._gcd_import(name[level:], package, level)
           ^^^^^^^^^^^^^^^^^^^^^^^^^^^^^^^^^^^^^^^^^^^^^^^^^^^^
tests\apps\ImageDedup\test_domain.py:6: in &lt;module&gt;
    from src.apps.ImageDedup.domain.image_group import ImageGroup, GroupType
E   ModuleNotFoundError: No module named 'src.apps.ImageDedup'</error></testcase></testsuite></testsuites>